<?xml version="1.0" encoding="UTF-8"?>
<!-- Generated by org.testng.reporters.JUnitXMLReporter -->
<testsuite hostname="P4ALAP-7172XY6" ignored="0" name="Test" tests="4" failures="1" timestamp="2021-07-14T01:17:44 IST" time="40.846" errors="0">
  <testcase name="validateTitle" time="0.179" classname="AllureReporTestNGwithSelenium.AllureReporTestNGwithSelenium.CustomizationAllure"/>
  <testcase name="validateBlogIsOpening" time="6.595" classname="AllureReporTestNGwithSelenium.AllureReporTestNGwithSelenium.CustomizationAllure"/>
  <testcase name="validateSkippingTest" time="0.005" classname="AllureReporTestNGwithSelenium.AllureReporTestNGwithSelenium.CustomizationAllure">
    <skipped/>
  </testcase> <!-- validateSkippingTest -->
  <testcase name="verifyHomeLink" time="0.059" classname="AllureReporTestNGwithSelenium.AllureReporTestNGwithSelenium.CustomizationAllure">
    <failure type="java.lang.AssertionError" message="expected [Create a maven project in eclipse] but found [HOOMEEPage]">
      <![CDATA[java.lang.AssertionError: expected [Create a maven project in eclipse] but found [HOOMEEPage]
at AllureReporTestNGwithSelenium.AllureReporTestNGwithSelenium.CustomizationAllure.verifyHomeLink(CustomizationAllure.java:100)
at java.util.ArrayList.forEach(ArrayList.java:1259)
... Removed 33 stack frames]]>
    </failure>
  </testcase> <!-- verifyHomeLink -->
</testsuite> <!-- Test -->
